🔄 Background execution mode - skipping validation (already done)
   PID 53239 written to /Users/nitishshrivastava/Documents/sasva/NeuroMesh/.sasva/builtin-tasks/wa_1775110027727_u0osi1/status.pid
🧠 Auto Plan & Execute: review the flowos_full_design_v2.md file in the repository and help me with a so
   Workspace: /Users/nitishshrivastava/Documents/sasva/NeuroMesh
   Max parallel: 16
   ✅ Captured clarifying question answers
   ✅ Captured Stage 1 stats: 23 turns, 23 tool calls
  📄 Plan loaded: Auto Plan: review the flowos_full_design_v2.md file in the repository a
  📊 1 phases, 1 tasks
   Phase 0 review gate: human
  📋 Execution plan: 1 waves
  🌊 Wave 0: AI Plan Generation
  🧠 Progressive DAG initialized with Phase 0 (Planning)
  📖 Loaded exploration notes (15000 chars)
  📝 Phase 0 — Stage 2: Planning with exploration notes + human decisions
  ⚡ Phase 0: AI Plan Generation
  📝 Phase 0: Starting planning agent
  🤖 Calling AI: Starting planning agent for Phase 0
  🤖 AI: Planning agent
  📝 Phase 0: Reading workspace
  📝 Phase 0: Generating plan
  🔄 Phase 0 (Planning): turn 1
  📝 Phase 0: Generating plan
  🔄 Phase 0 (Planning): turn 2
  📝 Phase 0: Generating plan
  🔄 Phase 0 (Planning): turn 3
  📝 Phase 0: Generating plan
  🔄 Phase 0 (Planning): turn 4
  📝 Phase 0: Generating plan
  🔄 Phase 0 (Planning): turn 5
  📝 Phase 0: Generating plan
  🔄 Phase 0 (Planning): turn 6
  📝 Phase 0: Generating plan
  🔄 Phase 0 (Planning): turn 7
  📝 Phase 0: Generating plan
  🔄 Phase 0 (Planning): turn 8
  📊 Agent: 8 turns, 8 tool calls, 204K tokens
  ✅ Phase 0 complete (435.0s, 1 new)
  ✅ Wave 0 complete (0.0s)
  ✅ Phase 0 complete: .sasva/generated-plans/review-the-flowos_full_design_v2md-file-in-the-repository-a.plan.md (435.0s)
  👤 Phase 0: Awaiting human review of the generated plan
👤 Awaiting human review of the generated plan: .sasva/generated-plans/review-the-flowos_full_design_v2md-file-in-the-repository-a.plan.md
